<?xml version="1.0" encoding="UTF-8"?>
<testsuite xmlns:xsi="http://www.w3.org/2001/XMLSchema-instance" xsi:noNamespaceSchemaLocation="https://maven.apache.org/surefire/maven-surefire-plugin/xsd/surefire-test-report-3.0.xsd" version="3.0" name="com.example.Compiler.TestCompilerApplicationTests" time="1.724" tests="1" errors="0" skipped="0" failures="0">
  <properties>
[...]
</properties>
  <testcase name="contextLoads" classname="com.example.Compiler.TestCompilerApplicationTests" time="0.465">
    <system-out><![CDATA[16:33:26.876 [main] INFO org.springframework.test.context.support.AnnotationConfigContextLoaderUtils -- Could not detect default configuration classes for test class [com.example.Compiler.TestCompilerApplicationTests]: TestCompilerApplicationTests does not declare any static, non-private, non-final, nested classes annotated with @Configuration.
16:33:26.931 [main] INFO org.springframework.boot.test.context.SpringBootTestContextBootstrapper -- Found @SpringBootConfiguration com.example.Compiler.CompilerApplication for test class com.example.Compiler.TestCompilerApplicationTests

  .   ____          _            __ _ _
 /\\ / ___'_ __ _ _(_)_ __  __ _ \ \ \ \
( ( )\___ | '_ | '_| | '_ \/ _` | \ \ \ \
 \\/  ___)| |_)| | | | | || (_| |  ) ) ) )
  '  |____| .__|_| |_|_| |_\__, | / / / /
 =========|_|==============|___/=/_/_/_/

 :: Spring Boot ::                (v3.3.4)

2024-12-10T16:33:27.169+05:30  INFO 109940 --- [Compiler] [           main] c.e.C.TestCompilerApplicationTests       : Starting TestCompilerApplicationTests using Java 23.0.1 with PID 109940 (started by shreyas in /home/shreyas/Programming/Java/Compiler)
2024-12-10T16:33:27.170+05:30  INFO 109940 --- [Compiler] [           main] c.e.C.TestCompilerApplicationTests       : No active profile set, falling back to 1 default profile: "default"
2024-12-10T16:33:27.564+05:30  INFO 109940 --- [Compiler] [           main] o.s.cloud.context.scope.GenericScope     : BeanFactory id=2dbd48b2-5e68-3253-acf2-5fa097e6d831
2024-12-10T16:33:28.041+05:30  INFO 109940 --- [Compiler] [           main] c.e.C.TestCompilerApplicationTests       : Started TestCompilerApplicationTests in 1.045 seconds (process running for 1.529)
]]></system-out>
    <system-err><![CDATA[WARNING: A Java agent has been loaded dynamically (/home/shreyas/.m2/repository/net/bytebuddy/byte-buddy-agent/1.14.19/byte-buddy-agent-1.14.19.jar)
WARNING: If a serviceability tool is in use, please run with -XX:+EnableDynamicAgentLoading to hide this warning
WARNING: If a serviceability tool is not in use, please run with -Djdk.instrument.traceUsage for more information
WARNING: Dynamic loading of agents will be disallowed by default in a future release
]]></system-err>
  </testcase>
</testsuite>